Flutter crash report; please file at https://github.com/flutter/flutter/issues.

## command

flutter --no-color run --machine --track-widget-creation --device-id=E4E241C8-4D16-45A8-AA43-D41E77CFD1D5 lib/main.dart

## exception

FileSystemException: FileSystemException: Cannot open file, path = '/Users/mengqingdong/project/studio/flutter_do/flutter_fly/.packages' (OS Error: No such file or directory, errno = 2)

```
#0      _File.throwIfError (dart:io/file_impl.dart:645:7)
#1      _File.openSync (dart:io/file_impl.dart:489:5)
#2      _File.readAsBytesSync (dart:io/file_impl.dart:549:18)
#3      ForwardingFile.readAsBytesSync (package:file/src/forwarding/forwarding_file.dart:95:62)
#4      _parse (package:flutter_tools/src/dart/package_map.dart:13:50)
#5      PackageMap.load (package:flutter_tools/src/dart/package_map.dart:37:14)
#6      PackageMap.map (package:flutter_tools/src/dart/package_map.dart:41:5)
#7      new PackageUriMapper (package:flutter_tools/src/compile.dart:202:84)
#8      DefaultResidentCompiler._recompile (package:flutter_tools/src/compile.dart:590:26)
#9      _RecompileRequest._run (package:flutter_tools/src/compile.dart:415:16)
#10     _CompilationRequest.run (package:flutter_tools/src/compile.dart:395:30)
#11     DefaultResidentCompiler._handleCompilationRequest (package:flutter_tools/src/compile.dart:634:23)
#12     _rootRunUnary (dart:async/zone.dart:1138:13)
#13     _CustomZone.runUnary (dart:async/zone.dart:1031:19)
#14     _CustomZone.runUnaryGuarded (dart:async/zone.dart:933:7)
#15     _BufferingStreamSubscription._sendData (dart:async/stream_impl.dart:338:11)
#16     _DelayedData.perform (dart:async/stream_impl.dart:593:14)
#17     _StreamImplEvents.handleNext (dart:async/stream_impl.dart:709:11)
#18     _PendingEvents.schedule.<anonymous closure> (dart:async/stream_impl.dart:669:7)
#19     _rootRun (dart:async/zone.dart:1122:38)
#20     _CustomZone.run (dart:async/zone.dart:1023:19)
#21     _CustomZone.runGuarded (dart:async/zone.dart:925:7)
#22     _CustomZone.bindCallbackGuarded.<anonymous closure> (dart:async/zone.dart:965:23)
#23     _rootRun (dart:async/zone.dart:1126:13)
#24     _CustomZone.run (dart:async/zone.dart:1023:19)
#25     _CustomZone.runGuarded (dart:async/zone.dart:925:7)
#26     _CustomZone.bindCallbackGuarded.<anonymous closure> (dart:async/zone.dart:965:23)
#27     _microtaskLoop (dart:async/schedule_microtask.dart:43:21)
#28     _startMicrotaskLoop (dart:async/schedule_microtask.dart:52:5)
#29     _runPendingImmediateCallback (dart:isolate-patch/isolate_patch.dart:118:13)
#30     _RawReceivePortImpl._handleMessage (dart:isolate-patch/isolate_patch.dart:175:5)
```

## flutter doctor

```
[✓] Flutter (Channel stable, v1.12.13+hotfix.5, on Mac OS X 10.14.6 18G1012, locale zh-Hans-CN)
    • Flutter version 1.12.13+hotfix.5 at /Users/mengqingdong/project/flutter
    • Framework revision 27321ebbad (4 months ago), 2019-12-10 18:15:01 -0800
    • Engine revision 2994f7e1e6
    • Dart version 2.7.0

[!] Android toolchain - develop for Android devices (Android SDK version 29.0.2)
    • Android SDK at /Users/mengqingdong/Library/Android/sdk
    • Android NDK location not configured (optional; useful for native profiling support)
    • Platform android-29, build-tools 29.0.2
    • Java binary at: /Applications/Android Studio.app/Contents/jre/jdk/Contents/Home/bin/java
    • Java version OpenJDK Runtime Environment (build 1.8.0_202-release-1483-b49-5587405)
    ! Some Android licenses not accepted.  To resolve this, run: flutter doctor --android-licenses

[✓] Xcode - develop for iOS and macOS (Xcode 11.3.1)
    • Xcode at /Applications/Xcode.app/Contents/Developer
    • Xcode 11.3.1, Build version 11C504
    • CocoaPods version 1.8.4

[✓] Android Studio (version 3.5)
    • Android Studio at /Applications/Android Studio.app/Contents
    • Flutter plugin version 42.1.1
    • Dart plugin version 191.8593
    • Java version OpenJDK Runtime Environment (build 1.8.0_202-release-1483-b49-5587405)

[✓] Connected device (1 available)
    • iPhone 11 Pro Max • E4E241C8-4D16-45A8-AA43-D41E77CFD1D5 • ios • com.apple.CoreSimulator.SimRuntime.iOS-13-3 (simulator)

! Doctor found issues in 1 category.
```
